4233 action,index
1194 billable_customer_id,
   1 billable_customer_id,102
  13 billable_customer_id,103
  18 billable_customer_id,106
  17 billable_customer_id,107
   3 billable_customer_id,108
  18 billable_customer_id,110
   1 billable_customer_id,111
   4 billable_customer_id,114
   3 billable_customer_id,117
   8 billable_customer_id,118
  25 billable_customer_id,119
   1 billable_customer_id,127
   7 billable_customer_id,128
  20 billable_customer_id,139
  21 billable_customer_id,14
   3 billable_customer_id,141
   4 billable_customer_id,142
  14 billable_customer_id,143
  21 billable_customer_id,155
  10 billable_customer_id,158
  47 billable_customer_id,159
  13 billable_customer_id,16
  40 billable_customer_id,160
   1 billable_customer_id,162
   2 billable_customer_id,164
   1 billable_customer_id,169
   1 billable_customer_id,17
  12 billable_customer_id,170
  16 billable_customer_id,171
  10 billable_customer_id,172
   2 billable_customer_id,173
   7 billable_customer_id,175
  10 billable_customer_id,176
  19 billable_customer_id,184
  19 billable_customer_id,186
   3 billable_customer_id,188
   2 billable_customer_id,204
   3 billable_customer_id,205
   5 billable_customer_id,208
   3 billable_customer_id,21
  24 billable_customer_id,212
  13 billable_customer_id,213
   9 billable_customer_id,214
   3 billable_customer_id,216
  10 billable_customer_id,217
   8 billable_customer_id,219
   8 billable_customer_id,222
   1 billable_customer_id,228
   3 billable_customer_id,229
  27 billable_customer_id,232
   3 billable_customer_id,235
  22 billable_customer_id,236
  12 billable_customer_id,237
   7 billable_customer_id,238
   1 billable_customer_id,241
   1 billable_customer_id,244
   4 billable_customer_id,249
   1 billable_customer_id,254
   1 billable_customer_id,259
   4 billable_customer_id,26
  65 billable_customer_id,261
   7 billable_customer_id,269
   2 billable_customer_id,27
   5 billable_customer_id,270
   7 billable_customer_id,271
   3 billable_customer_id,272
  13 billable_customer_id,273
  21 billable_customer_id,274
   3 billable_customer_id,277
   6 billable_customer_id,278
   1 billable_customer_id,28
   3 billable_customer_id,280
  11 billable_customer_id,282
   7 billable_customer_id,283
  44 billable_customer_id,289
   5 billable_customer_id,293
   1 billable_customer_id,294
  14 billable_customer_id,297
   7 billable_customer_id,298
   1 billable_customer_id,300
  15 billable_customer_id,305
   1 billable_customer_id,307
   5 billable_customer_id,308
   1 billable_customer_id,313
   2 billable_customer_id,319
   1 billable_customer_id,327
   7 billable_customer_id,328
   4 billable_customer_id,333
   2 billable_customer_id,334
   2 billable_customer_id,338
   1 billable_customer_id,34
   8 billable_customer_id,345
  15 billable_customer_id,347
   3 billable_customer_id,362
  13 billable_customer_id,372
  11 billable_customer_id,373
   5 billable_customer_id,374
  11 billable_customer_id,377
   2 billable_customer_id,379
   3 billable_customer_id,390
  15 billable_customer_id,392
   1 billable_customer_id,399
   2 billable_customer_id,402
  24 billable_customer_id,405
   2 billable_customer_id,406
   2 billable_customer_id,408
  16 billable_customer_id,411
   2 billable_customer_id,413
   3 billable_customer_id,415
   3 billable_customer_id,416
   1 billable_customer_id,417
   4 billable_customer_id,419
  23 billable_customer_id,420
  15 billable_customer_id,421
   2 billable_customer_id,423
   2 billable_customer_id,424
  11 billable_customer_id,427
   3 billable_customer_id,432
   6 billable_customer_id,436
   2 billable_customer_id,437
  19 billable_customer_id,441
  51 billable_customer_id,442
   3 billable_customer_id,443
   5 billable_customer_id,445
   1 billable_customer_id,446
  11 billable_customer_id,448
   5 billable_customer_id,449
  25 billable_customer_id,452
   1 billable_customer_id,454
   5 billable_customer_id,456
   1 billable_customer_id,457
  20 billable_customer_id,458
  57 billable_customer_id,459
   5 billable_customer_id,463
   3 billable_customer_id,464
   3 billable_customer_id,467
  48 billable_customer_id,472
   2 billable_customer_id,473
   3 billable_customer_id,474
  16 billable_customer_id,48
  14 billable_customer_id,480
  28 billable_customer_id,481
   3 billable_customer_id,483
  43 billable_customer_id,484
   2 billable_customer_id,485
   4 billable_customer_id,486
  27 billable_customer_id,487
   4 billable_customer_id,488
   6 billable_customer_id,49
   4 billable_customer_id,492
  20 billable_customer_id,494
   1 billable_customer_id,496
  45 billable_customer_id,50
  65 billable_customer_id,500
   5 billable_customer_id,501
  22 billable_customer_id,502
  13 billable_customer_id,503
  23 billable_customer_id,504
   8 billable_customer_id,51
   6 billable_customer_id,514
   1 billable_customer_id,520
  11 billable_customer_id,521
   3 billable_customer_id,526
   8 billable_customer_id,53
   8 billable_customer_id,54
   3 billable_customer_id,541
   3 billable_customer_id,542
   4 billable_customer_id,543
   3 billable_customer_id,544
   3 billable_customer_id,545
   5 billable_customer_id,546
   3 billable_customer_id,547
   2 billable_customer_id,548
   4 billable_customer_id,554
   7 billable_customer_id,556
   1 billable_customer_id,56
   2 billable_customer_id,560
   3 billable_customer_id,562
   2 billable_customer_id,564
   4 billable_customer_id,565
   5 billable_customer_id,566
   6 billable_customer_id,567
   2 billable_customer_id,568
   1 billable_customer_id,57
   1 billable_customer_id,570
   4 billable_customer_id,571
   8 billable_customer_id,572
   3 billable_customer_id,573
   1 billable_customer_id,574
  11 billable_customer_id,575
   2 billable_customer_id,576
   8 billable_customer_id,577
   2 billable_customer_id,579
  20 billable_customer_id,580
   3 billable_customer_id,582
  13 billable_customer_id,583
   4 billable_customer_id,585
   3 billable_customer_id,588
   2 billable_customer_id,59
  11 billable_customer_id,590
   4 billable_customer_id,592
   1 billable_customer_id,596
   5 billable_customer_id,599
   5 billable_customer_id,60
   3 billable_customer_id,601
   1 billable_customer_id,608
   4 billable_customer_id,609
   1 billable_customer_id,610
  16 billable_customer_id,621
  13 billable_customer_id,625
   6 billable_customer_id,626
   9 billable_customer_id,628
   1 billable_customer_id,629
   2 billable_customer_id,630
   6 billable_customer_id,633
   1 billable_customer_id,635
   4 billable_customer_id,636
   8 billable_customer_id,637
   1 billable_customer_id,642
   4 billable_customer_id,645
  21 billable_customer_id,646
   1 billable_customer_id,648
  23 billable_customer_id,649
   5 billable_customer_id,65
  15 billable_customer_id,650
  10 billable_customer_id,651
  11 billable_customer_id,653
   3 billable_customer_id,656
   2 billable_customer_id,660
   3 billable_customer_id,661
   2 billable_customer_id,669
   9 billable_customer_id,670
  18 billable_customer_id,671
   1 billable_customer_id,674
   4 billable_customer_id,675
  20 billable_customer_id,678
   4 billable_customer_id,679
   1 billable_customer_id,680
   6 billable_customer_id,681
   6 billable_customer_id,682
   2 billable_customer_id,683
  13 billable_customer_id,687
  11 billable_customer_id,690
   9 billable_customer_id,694
   4 billable_customer_id,695
   2 billable_customer_id,696
   3 billable_customer_id,697
   7 billable_customer_id,70
   9 billable_customer_id,700
   4 billable_customer_id,701
  17 billable_customer_id,702
   7 billable_customer_id,703
   2 billable_customer_id,705
  39 billable_customer_id,709
   2 billable_customer_id,71
   2 billable_customer_id,713
   6 billable_customer_id,714
  26 billable_customer_id,715
   2 billable_customer_id,717
   1 billable_customer_id,724
   3 billable_customer_id,727
   1 billable_customer_id,73
   3 billable_customer_id,731
   1 billable_customer_id,738
   9 billable_customer_id,740
   7 billable_customer_id,742
   8 billable_customer_id,744
   6 billable_customer_id,746
  39 billable_customer_id,749
  18 billable_customer_id,750
  12 billable_customer_id,751
   8 billable_customer_id,752
   5 billable_customer_id,753
   5 billable_customer_id,754
   6 billable_customer_id,755
   3 billable_customer_id,758
   5 billable_customer_id,760
   8 billable_customer_id,761
   2 billable_customer_id,767
   4 billable_customer_id,768
  13 billable_customer_id,769
   9 billable_customer_id,770
   1 billable_customer_id,771
   3 billable_customer_id,772
  22 billable_customer_id,778
  13 billable_customer_id,780
  22 billable_customer_id,781
   7 billable_customer_id,782
  18 billable_customer_id,785
  10 billable_customer_id,786
   5 billable_customer_id,787
   4 billable_customer_id,789
   1 billable_customer_id,79
  12 billable_customer_id,792
  17 billable_customer_id,795
   9 billable_customer_id,796
  16 billable_customer_id,797
  10 billable_customer_id,798
   3 billable_customer_id,799
  10 billable_customer_id,80
   5 billable_customer_id,801
  11 billable_customer_id,802
  11 billable_customer_id,804
   1 billable_customer_id,807
   1 billable_customer_id,808
   2 billable_customer_id,809
   8 billable_customer_id,811
  12 billable_customer_id,812
   4 billable_customer_id,813
   1 billable_customer_id,814
   3 billable_customer_id,815
   3 billable_customer_id,816
  21 billable_customer_id,818
   3 billable_customer_id,819
  35 billable_customer_id,82
   1 billable_customer_id,821
   3 billable_customer_id,823
   9 billable_customer_id,826
   2 billable_customer_id,828
   4 billable_customer_id,829
   9 billable_customer_id,83
   4 billable_customer_id,830
  10 billable_customer_id,831
   1 billable_customer_id,832
   3 billable_customer_id,833
   3 billable_customer_id,834
   2 billable_customer_id,84
   8 billable_customer_id,840
   5 billable_customer_id,841
   6 billable_customer_id,842
   6 billable_customer_id,843
   7 billable_customer_id,844
  11 billable_customer_id,845
   3 billable_customer_id,846
   5 billable_customer_id,847
  14 billable_customer_id,848
   6 billable_customer_id,849
   6 billable_customer_id,850
   6 billable_customer_id,851
   6 billable_customer_id,852
   2 billable_customer_id,853
   4 billable_customer_id,854
   3 billable_customer_id,856
  14 billable_customer_id,857
   2 billable_customer_id,858
   5 billable_customer_id,859
   8 billable_customer_id,88
  17 billable_customer_id,9
   1 billable_customer_id,90
  28 billable_customer_id,91
   8 billable_customer_id,92
  13 billable_customer_id,97
2451 click_date,
2450 commit,Search
   1 commit,search
4233 controller,insertion_orders
2450 end_date_after,
   1 end_date_after,July 1, 2011
2450 end_date_before,
   1 end_date_before,July 2, 2011
2451 forecast_only_value,both
1182 io_name,
   1 io_name,0.43
   3 io_name,1134522
   1 io_name,4161
   1 io_name,4305
   1 io_name,4317
   1 io_name,4435
   2 io_name,4624
   5 io_name,Accor
   2 io_name,AeroMexico
   1 io_name,AmericInn
   1 io_name,America;s Best Value
   1 io_name,American Airlines
   1 io_name,American Airlines Vacations
   2 io_name,American Express 
  15 io_name,American Express Travel
   1 io_name,American Express Vacations
   1 io_name,American air 
   1 io_name,American air vacations
   1 io_name,AmericanAirUS
   1 io_name,AmericanAirUSFFD
   1 io_name,AmericanCAMeta
   1 io_name,Americanair
   1 io_name,Americas Best Value
   3 io_name,Apple Vacations
   1 io_name,Apple Vacations April 2011
   2 io_name,AsiaRooms
   3 io_name,AsiaRooms Trial Campaign
   4 io_name,Atlantis
   1 io_name,Atlantis.com
   1 io_name,BBplanet
   5 io_name,Barcelo ES Meta Campaign
   6 io_name,Baymont
   1 io_name,Beach House Hotel Half Moon Bay April 2011
   1 io_name,Beach House Hotel Half Moon Bay Revised 2011
   1 io_name,Beach House Hotel hermosa beach revised
   1 io_name,Beach House Hotel hermosa revised
   4 io_name,Best Western
   1 io_name,Best western 
   1 io_name,Bestwestern 
   1 io_name,Blue hawaii 
   1 io_name,Booking Buddy
   1 io_name,Booking.com
   6 io_name,Booking.com - Dec09/May10 insertion order
   1 io_name,Booking.com - Dec09/May10 insertion order for Booking.co
   1 io_name,Booking.com - Dec09/May10 insertion order for Booking.com bv
   1 io_name,Booking.com - June 10 IO
   1 io_name,Booking.com - Q3- 2010 IO
   1 io_name,BookingBuddydeals
   2 io_name,Bookit
   2 io_name,British Airways
   1 io_name,CX
   1 io_name,CarRentals.com
   1 io_name,Carlson Lake
   2 io_name,Carlson Lake Powell June/July IO 
   1 io_name,Carlson Lake powell june
   5 io_name,Charlestown
   1 io_name,Charlestowne
   1 io_name,Charlestowne Hotels
   7 io_name,Cheap Caribbean
   1 io_name,Cheap Caribbean 
   1 io_name,CheapOAir
   1 io_name,Cheaptickets
   2 io_name,Cheaptickets 2011
   1 io_name,Choice
   1 io_name,Choice 
   1 io_name,Choice Ca
   5 io_name,Choice Canada
   4 io_name,Choice Hotels
   4 io_name,Choice Hotels Canada
   1 io_name,ChoiceCanada
   1 io_name,City
   2 io_name,Client: royal hawaii condos insertion order in US$
   1 io_name,Could not exit edit mode GoVoyages - Meta Search - France Initial Campaign : Line Item ECPC Calculation: Provider GoVoloESMeta belongs to two line items for the same time period where one is externally reported. ECPC Calculation and GoVolo ES Meta for insertion order GoVoyages FR + GoVolo ES Meta Campaign.
   1 io_name,Couples
   1 io_name,Customer: Hotel Planner + Lexyl Travel Tech insertion order in US$
   1 io_name,Customer: Tablet Inc. insertion order in US$
   2 io_name,Days Inn
   1 io_name,Days Innn
   8 io_name,Despegar
   1 io_name,Despegar.com LA Campaign
   1 io_name,Destinia
   1 io_name,EVR
   1 io_name,Ebookers UK Meta
   7 io_name,Edreams Meta Insertion Order
   2 io_name,Elite Island
   1 io_name,Elite Island Resorts
   2 io_name,Endless
   1 io_name,Endless Vacation
   8 io_name,Endless Vacation Rentals
   1 io_name,Endless Vacations
   1 io_name,Eva Airways
   1 io_name,EvaAirways
   1 io_name,Expedia
   3 io_name,Expedia UK
  13 io_name,Expedia US
   1 io_name,Expedia US IO
   1 io_name,Expedia US Insertion order
   1 io_name,Expedia uk
   2 io_name,FM
   1 io_name,Four Seasons
   1 io_name,Four Seasons Hotels January/February 2010 IO
  19 io_name,GWS
   1 io_name,Getaroom
   2 io_name,GoVolo ES Meta Campaign
   8 io_name,GoVoyages - Meta Search - France Initial Campaign
   1 io_name,GoVoyages Meta Search-France Initial Campaign
   1 io_name,Google
   1 io_name,Gov
   2 io_name,Greystone
   3 io_name,HEB
   3 io_name,HEB 
   1 io_name,Harrah
   1 io_name,Harrahs
   1 io_name,HeB
   4 io_name,Heb
   1 io_name,Hilton 2010 IO
   1 io_name,HoJo
   1 io_name,Hopsitality eBusiness
   1 io_name,Hopspitality eBusiness
   1 io_name,Hospitality
   2 io_name,Hospitality eBusiness
   2 io_name,Hotel Internet Help
   2 io_name,Hotel Planner
   1 io_name,Hotel.scom
   1 io_name,HotelInternetHelp
   1 io_name,HotelInternetHelp.com
   1 io_name,HotelPlanner
   1 io_name,HotelPlanner.com
   6 io_name,Hotels.com
   9 io_name,Hotels.com UK
   1 io_name,HotelsNL
   1 io_name,Hotelscom
   1 io_name,Hotelscom UK
   4 io_name,Hotwire
   5 io_name,Howard Johnson
   4 io_name,IHG
   1 io_name,Initial Campaign - TripAdvisor FR - Meta Search
   1 io_name,InterContinental Hotels Group 
   1 io_name,Isantiago
   1 io_name,Kimpton
   2 io_name,LAN
   1 io_name,LAN Air
   1 io_name,LAN meta
   1 io_name,LANMetaGlobal
   1 io_name,LANmeta
   6 io_name,LHW
   1 io_name,Lan Air
   3 io_name,Lastminute Italy - Meta Campaign
   1 io_name,Lastminute Italy - Meta Campaign 
   5 io_name,Logitravel - ES - AIR META 2011
   1 io_name,Logitravel - ES - AIR META 2011 for Logitravel - ES 
   8 io_name,MGM
   1 io_name,MGM Resort
   2 io_name,MGM Resorts
   3 io_name,Mandarin
   2 io_name,Mandarin Oriental
   1 io_name,Mandarin Oriental Incremental April IO
   5 io_name,Microtel
   1 io_name,Morgans
   1 io_name,Morgans Hotels
   1 io_name,Motel 6
   1 io_name,Myrtle Beach
   4 io_name,MyrtleBeach
   1 io_name,MyrtleBeach-Resorts
   1 io_name,MyrtleBeachHotels
   6 io_name,Opodo DE Meta Campaign
   3 io_name,Opodo FR Meta 2011
   1 io_name,Opodo IT
   4 io_name,Opodo IT Meta 2011
   7 io_name,Orbitz
   2 io_name,Orbitz 2011
   1 io_name,Otel
   2 io_name,Otel Hotels
   2 io_name,OtelHotels
   1 io_name,OtelHotelsUK
   3 io_name,Pacarama
   1 io_name,Paesionline
   1 io_name,Palace
   1 io_name,Palace Resorts
   1 io_name,Perfect Escape
   3 io_name,Perfect Escapes
   1 io_name,PerfectEscapes
   1 io_name,Phone
   1 io_name,PhoneAndGo
   4 io_name,Preferred
   1 io_name,Prestigia
   1 io_name,Prestigia Hotel Placement Q1 2011
   1 io_name,Prestigia IO
   2 io_name,Prestigia IO - Hotel Placement May – Aug
   9 io_name,Priceline
   1 io_name,Qmangocity
   1 io_name,Quickbeds
   2 io_name,REd Lion
   3 io_name,Radisson
   7 io_name,Ramada
  13 io_name,Red Lion
   1 io_name,Red Lion Hotels
   2 io_name,Red Lion Hotels + 360i
   1 io_name,Red Lion free
  17 io_name,Red Roof
   1 io_name,Red roof
   1 io_name,RedLion
   1 io_name,RedRoof
   1 io_name,Redroof
   1 io_name,Regatta
   1 io_name,Regatta Hotels
   1 io_name,Resortime.com
   1 io_name,Royal Hawaii Condos
   2 io_name,Rydges
   1 io_name,SNCF
   1 io_name,Sabre
   3 io_name,Sandals
   1 io_name,Smart Destinations
   1 io_name,Sonesta Hotels
   1 io_name,Starwood
   1 io_name,Starwood Select Service Four Points Basic Sept - Dec 2010 IO
   2 io_name,StarwoodFM
   1 io_name,Starwoodfm
   1 io_name,Studio 6
   1 io_name,Super 8
   1 io_name,Sutton Place
   3 io_name,Swissotel
   9 io_name,TIG
   2 io_name,TIG Global
   3 io_name,Tablet
   1 io_name,Tablet 
   3 io_name,Thomas Cook Cruise TripAdvisor September 2010
   1 io_name,Thomas Cook FR IO Q1 2011 -updated
   1 io_name,Thomas Cook UK EAN
   1 io_name,Thomas cook
   1 io_name,Tirp.com
   1 io_name,TravelTicker
  16 io_name,Travelocity
   1 io_name,Travelodge
   2 io_name,Traveolcity
   1 io_name,Trip.Com
   4 io_name,Trip.com
   3 io_name,TripCom
   1 io_name,Tripcom
   4 io_name,Trump
   4 io_name,Vacation Myrtle Beach
   1 io_name,Vacation myrtle beach
  14 io_name,Vail Resorts
   2 io_name,Vantage
   1 io_name,Vantage 
   4 io_name,Vantage Hospitality
   1 io_name,Viva
   4 io_name,Wingate
   8 io_name,Wyndham
   1 io_name,Wyndham Viva
   4 io_name,Yahoo
   2 io_name,Yahoo.com
  22 io_name,accor
   1 io_name,aero
   1 io_name,agoda
   2 io_name,aircanada
   1 io_name,alliance
   1 io_name,alliances
   1 io_name,american
   1 io_name,american express
   1 io_name,american express travel
   1 io_name,american express travle
   1 io_name,americanexpress
   1 io_name,amex
   1 io_name,amextrave
   1 io_name,amextravel
   1 io_name,archi
   1 io_name,asiarooms
  14 io_name,atlantis
   2 io_name,atlantis 
   1 io_name,atlantis paradise
   1 io_name,base
  10 io_name,baymont
   1 io_name,baymount
   2 io_name,bb
   1 io_name,bb italia
   1 io_name,bbitalia
   1 io_name,beach house
   1 io_name,beach house hotel
   1 io_name,beachhouse
   1 io_name,beau
   1 io_name,belmont
   1 io_name,best
   1 io_name,best 
   1 io_name,best day
   1 io_name,best value
  14 io_name,best western
   1 io_name,bestday
   3 io_name,bestwestern
   4 io_name,blue hawaii
   1 io_name,briti
   1 io_name,bvh
   1 io_name,bw
   1 io_name,campanile
   4 io_name,canada
   1 io_name,canada alliance
   1 io_name,canada base
   1 io_name,carlson
   1 io_name,cathay
   5 io_name,center
   1 io_name,center paerc
   1 io_name,center par
   8 io_name,center parc
   3 io_name,centerparcs
   1 io_name,charlestown
   3 io_name,charlestowne
   1 io_name,cheapo
   1 io_name,cheapoair
   2 io_name,choice
   1 io_name,choice canada
   1 io_name,choicecanada
   1 io_name,circus circus
   1 io_name,circus circus\
   6 io_name,citea
   3 io_name,clear
   1 io_name,clu
   5 io_name,club
   2 io_name,club med
   2 io_name,clubmed
   1 io_name,cneter
  11 io_name,days inn
   1 io_name,days inn c
   8 io_name,delta
   2 io_name,despegar
   1 io_name,destinia
   1 io_name,deutsche
   1 io_name,drury
   1 io_name,eDreamsES
   3 io_name,easyjet
   3 io_name,el dorado
   3 io_name,elite
   9 io_name,elite island
   1 io_name,elite island 
   2 io_name,elite islands
   2 io_name,emirates
   1 io_name,endless
   1 io_name,endless 
   1 io_name,endless rentals
   1 io_name,endless vacation rentals
   1 io_name,eurosun
   1 io_name,evaair
   2 io_name,evr
   4 io_name,expedia
   2 io_name,expedia uk
   1 io_name,expedia us
   2 io_name,fairmont
   1 io_name,fast
   6 io_name,fastbooking
   1 io_name,ferr
   1 io_name,ferries
   1 io_name,first
   1 io_name,first camel
   2 io_name,fm
   1 io_name,four Seasons January 2011 IO
   1 io_name,four season
   2 io_name,four seasons
   1 io_name,four seasons'
   1 io_name,genericads
   9 io_name,getaroom
   2 io_name,getaroom 
   2 io_name,golden
   1 io_name,google
   2 io_name,govoy
   2 io_name,govoyages
   1 io_name,goy
   1 io_name,greystone
   1 io_name,hawaiian
   1 io_name,hawaiian air
   4 io_name,hawthorn
   8 io_name,heb
   2 io_name,hilton
   1 io_name,hospitality
   1 io_name,hospitality ebusiness
   1 io_name,hostelsclub
   1 io_name,hote \linternet
   1 io_name,hotel internet
   1 io_name,hotelbook
   1 io_name,hotelbook.com
   1 io_name,hotelclub
   1 io_name,hotelde
   1 io_name,hotelinternet
   1 io_name,hotels.com
   1 io_name,hotels.com uk
   1 io_name,hotelscli
   6 io_name,hotelsclick
   1 io_name,hotelscom uk
   1 io_name,hotelsnl
  11 io_name,howard johnson
   1 io_name,howardjohnson
   1 io_name,https://commerce.tripadvisor.com/insertion_orders?io_name=Booking.com+-+Dec09%2FMay10+insertion+order&billable_customer_id=&sales_rep_id=&start_date_after=&start_date_before=&end_date_after=&end_date_before=&click_date=&paused_value=both&forecast_only_value=both&commit=Search
   1 io_name,hvm
   1 io_name,hyatt
   1 io_name,iberostar
   1 io_name,iexplore
   3 io_name,ikyu
  16 io_name,initalia
   1 io_name,initiativ
   1 io_name,intercontinental
   1 io_name,interpid
   2 io_name,intrepid
   1 io_name,iprospect
   1 io_name,itravel
   1 io_name,jetblue
   3 io_name,kimpton
   2 io_name,la quinta
   2 io_name,laquinta
  12 io_name,laterooms
   1 io_name,leading hotels of the world
   1 io_name,leows
   2 io_name,lhw
   3 io_name,loews
   1 io_name,logo
   4 io_name,louvre
   1 io_name,makemy
   2 io_name,makemytrip
   3 io_name,mandarin
   1 io_name,marriot
   3 io_name,marriott
   4 io_name,meta
   1 io_name,mgm
   1 io_name,microt
  13 io_name,microtel
   1 io_name,mircotel
   4 io_name,monarch
   1 io_name,motel6
   1 io_name,myrtle
   1 io_name,octopus travel
   1 io_name,opendoor
   4 io_name,opodo
   2 io_name,opodo fr
   3 io_name,opodofr
  14 io_name,orbitz
   3 io_name,otel
   1 io_name,pacarama
   1 io_name,paesi
   1 io_name,palace
   2 io_name,perfect escape
   2 io_name,perfect escapes
   8 io_name,pierre
   1 io_name,pierre et vacances
   1 io_name,places
   1 io_name,pleaces
   1 io_name,pre
   5 io_name,preferred
   1 io_name,premier
   3 io_name,premier inn
   1 io_name,presti
  20 io_name,prestigia
   1 io_name,promovacanc
   1 io_name,promovacances
   1 io_name,q1
   1 io_name,qmango
   2 io_name,qmangocity
   2 io_name,radisson
   2 io_name,rakuda
   3 io_name,ramada
   1 io_name,red lion
   1 io_name,red roof
   1 io_name,red roof inn
   1 io_name,redlion
   1 io_name,redroof
   1 io_name,regatta
   1 io_name,resortime
   1 io_name,rezidor
   2 io_name,riu
   1 io_name,royal hawaii
   1 io_name,royal hawaii 
   1 io_name,rurubu
   2 io_name,rydges
   1 io_name,sandals
   1 io_name,shadi
   2 io_name,singh
   2 io_name,ski
   1 io_name,smartertravel
   1 io_name,sncd
   1 io_name,sncdf
  11 io_name,sncf
   1 io_name,sol
   2 io_name,solmelia
   2 io_name,starwood
   1 io_name,studio 6
  10 io_name,super 8
   1 io_name,super8
   1 io_name,sutton
   5 io_name,tablet
   1 io_name,tarsadia
   1 io_name,tatilbudur
   1 io_name,tatilsepeti
   1 io_name,tavelocity
   6 io_name,test
   1 io_name,testio
   8 io_name,thomas
   2 io_name,thomas cook
   1 io_name,tm
   1 io_name,trav
   1 io_name,travel
   1 io_name,travel lodge
   1 io_name,travelo
   5 io_name,travelocity
  14 io_name,travelodge
   1 io_name,travelviva
   4 io_name,trump
   1 io_name,tui.de
   1 io_name,tuide
   1 io_name,tuifly
   1 io_name,unique
   1 io_name,unister
   3 io_name,vacation myrtle beach
   2 io_name,vail
   7 io_name,vail resorts
   2 io_name,vailresorts
   1 io_name,vantage
   1 io_name,venere
   1 io_name,vh
   1 io_name,vincci
   4 io_name,viva
   1 io_name,voyages
   1 io_name,weg
   1 io_name,wegolo eu
   6 io_name,wingate
   3 io_name,wyndham
   1 io_name,wyndham 
   3 io_name,wyndham hotels
   1 io_name,wyndham r
   1 io_name,wyndham ram
   1 io_name,wyndham viva
   1 io_name,yoyaku
   1 io_name,•	Booking.com - Q3- 2010 IO
   1 io_name,•	Carlson Lake Powell June/July IO 
   1 io_name,•	Four Seasons Hotels January/February 2010 IO
   1 io_name,•	Prestigia IO - Hotel Placement May – Aug
   1 page,1
  27 page,2
   3 page,3
   1 page,32
   3 page,4
   1 page,5
2445 paused_value,both
   4 paused_value,false
   2 paused_value,true
2423 sales_rep_id,
   3 sales_rep_id,10
   4 sales_rep_id,15
   3 sales_rep_id,3
   9 sales_rep_id,31
   3 sales_rep_id,35
   6 sales_rep_id,50
2448 start_date_after,
   2 start_date_after,June 30, 2011
   1 start_date_after,March 1, 2011
2449 start_date_before,
   1 start_date_before,1/3/11
   1 start_date_before,March 1, 2011
   8 template,true
